<?xml version="1.0" encoding="UTF-8"?>
<coverage generated="1729771616">
  <project timestamp="1729771616">
    <file name="/Users/lucasnpinheiro/PhpstormProjects/NotasFiscaisExtract/src/Dto/CofinsDto.php">
      <class name="Lucasnpinheiro\NotasFiscaisExtract\Dto\CofinsDto" namespace="global">
        <metrics complexity="6" methods="6" coveredmethods="6" conditionals="0" coveredconditionals="0" statements="14" coveredstatements="14" elements="20" coveredelements="20"/>
      </class>
      <line num="12" type="method" name="__construct" visibility="public" complexity="1" crap="1" count="9"/>
      <line num="14" type="stmt" count="9"/>
      <line num="15" type="stmt" count="9"/>
      <line num="16" type="stmt" count="9"/>
      <line num="17" type="stmt" count="9"/>
      <line num="20" type="method" name="toArray" visibility="public" complexity="1" crap="1" count="2"/>
      <line num="22" type="stmt" count="2"/>
      <line num="23" type="stmt" count="2"/>
      <line num="24" type="stmt" count="2"/>
      <line num="25" type="stmt" count="2"/>
      <line num="26" type="stmt" count="2"/>
      <line num="27" type="stmt" count="2"/>
      <line num="30" type="method" name="calculationBase" visibility="public" complexity="1" crap="1" count="3"/>
      <line num="32" type="stmt" count="3"/>
      <line num="35" type="method" name="percentage" visibility="public" complexity="1" crap="1" count="3"/>
      <line num="37" type="stmt" count="3"/>
      <line num="40" type="method" name="value" visibility="public" complexity="1" crap="1" count="3"/>
      <line num="42" type="stmt" count="3"/>
      <line num="45" type="method" name="cst" visibility="public" complexity="1" crap="1" count="3"/>
      <line num="47" type="stmt" count="3"/>
      <metrics loc="50" ncloc="50" classes="1" methods="6" coveredmethods="6" conditionals="0" coveredconditionals="0" statements="14" coveredstatements="14" elements="20" coveredelements="20"/>
    </file>
    <file name="/Users/lucasnpinheiro/PhpstormProjects/NotasFiscaisExtract/src/Dto/Dto.php">
      <class name="Lucasnpinheiro\NotasFiscaisExtract\Dto\Dto" namespace="global">
        <metrics complexity="7" methods="4" coveredmethods="4" conditionals="0" coveredconditionals="0" statements="12" coveredstatements="12" elements="16" coveredelements="16"/>
      </class>
      <line num="16" type="method" name="extract" visibility="public" complexity="1" crap="1" count="3"/>
      <line num="18" type="stmt" count="3"/>
      <line num="26" type="method" name="toObject" visibility="public" complexity="1" crap="1" count="1"/>
      <line num="28" type="stmt" count="1"/>
      <line num="47" type="method" name="getValue" visibility="protected" complexity="2" crap="2" count="12"/>
      <line num="49" type="stmt" count="12"/>
      <line num="50" type="stmt" count="12"/>
      <line num="52" type="stmt" count="9"/>
      <line num="62" type="method" name="replaceMoney" visibility="protected" complexity="3" crap="3" count="31"/>
      <line num="64" type="stmt" count="31"/>
      <line num="65" type="stmt" count="9"/>
      <line num="67" type="stmt" count="29"/>
      <line num="68" type="stmt" count="29"/>
      <line num="69" type="stmt" count="1"/>
      <line num="70" type="stmt" count="1"/>
      <line num="72" type="stmt" count="29"/>
      <metrics loc="74" ncloc="41" classes="1" methods="4" coveredmethods="4" conditionals="0" coveredconditionals="0" statements="12" coveredstatements="12" elements="16" coveredelements="16"/>
    </file>
    <file name="/Users/lucasnpinheiro/PhpstormProjects/NotasFiscaisExtract/src/Dto/IcmsDto.php">
      <class name="Lucasnpinheiro\NotasFiscaisExtract\Dto\IcmsDto" namespace="global">
        <metrics complexity="10" methods="9" coveredmethods="9" conditionals="0" coveredconditionals="0" statements="24" coveredstatements="24" elements="33" coveredelements="33"/>
      </class>
      <line num="15" type="method" name="__construct" visibility="public" complexity="2" crap="2" count="12"/>
      <line num="17" type="stmt" count="12"/>
      <line num="18" type="stmt" count="12"/>
      <line num="19" type="stmt" count="12"/>
      <line num="20" type="stmt" count="12"/>
      <line num="21" type="stmt" count="12"/>
      <line num="22" type="stmt" count="12"/>
      <line num="23" type="stmt" count="12"/>
      <line num="24" type="stmt" count="12"/>
      <line num="28" type="method" name="toArray" visibility="public" complexity="1" crap="1" count="2"/>
      <line num="30" type="stmt" count="2"/>
      <line num="31" type="stmt" count="2"/>
      <line num="32" type="stmt" count="2"/>
      <line num="33" type="stmt" count="2"/>
      <line num="34" type="stmt" count="2"/>
      <line num="35" type="stmt" count="2"/>
      <line num="36" type="stmt" count="2"/>
      <line num="37" type="stmt" count="2"/>
      <line num="38" type="stmt" count="2"/>
      <line num="41" type="method" name="origin" visibility="public" complexity="1" crap="1" count="4"/>
      <line num="43" type="stmt" count="4"/>
      <line num="46" type="method" name="cst" visibility="public" complexity="1" crap="1" count="4"/>
      <line num="48" type="stmt" count="4"/>
      <line num="51" type="method" name="calculationBaseMode" visibility="public" complexity="1" crap="1" count="4"/>
      <line num="53" type="stmt" count="4"/>
      <line num="56" type="method" name="calculationBaseReductionPercent" visibility="public" complexity="1" crap="1" count="4"/>
      <line num="58" type="stmt" count="4"/>
      <line num="61" type="method" name="calculationBaseValue" visibility="public" complexity="1" crap="1" count="4"/>
      <line num="63" type="stmt" count="4"/>
      <line num="66" type="method" name="icmsPercent" visibility="public" complexity="1" crap="1" count="4"/>
      <line num="68" type="stmt" count="4"/>
      <line num="71" type="method" name="icmsValue" visibility="public" complexity="1" crap="1" count="4"/>
      <line num="73" type="stmt" count="4"/>
      <metrics loc="75" ncloc="75" classes="1" methods="9" coveredmethods="9" conditionals="0" coveredconditionals="0" statements="24" coveredstatements="24" elements="33" coveredelements="33"/>
    </file>
    <file name="/Users/lucasnpinheiro/PhpstormProjects/NotasFiscaisExtract/src/Dto/IpiDto.php">
      <class name="Lucasnpinheiro\NotasFiscaisExtract\Dto\IpiDto" namespace="global">
        <metrics complexity="8" methods="6" coveredmethods="6" conditionals="0" coveredconditionals="0" statements="16" coveredstatements="16" elements="22" coveredelements="22"/>
      </class>
      <line num="12" type="method" name="__construct" visibility="public" complexity="3" crap="3" count="8"/>
      <line num="14" type="stmt" count="8"/>
      <line num="15" type="stmt" count="7"/>
      <line num="16" type="stmt" count="7"/>
      <line num="17" type="stmt" count="7"/>
      <line num="20" type="stmt" count="8"/>
      <line num="21" type="stmt" count="7"/>
      <line num="25" type="method" name="toArray" visibility="public" complexity="1" crap="1" count="2"/>
      <line num="27" type="stmt" count="2"/>
      <line num="28" type="stmt" count="2"/>
      <line num="29" type="stmt" count="2"/>
      <line num="30" type="stmt" count="2"/>
      <line num="31" type="stmt" count="2"/>
      <line num="32" type="stmt" count="2"/>
      <line num="35" type="method" name="calculationBase" visibility="public" complexity="1" crap="1" count="3"/>
      <line num="37" type="stmt" count="3"/>
      <line num="40" type="method" name="percentage" visibility="public" complexity="1" crap="1" count="3"/>
      <line num="42" type="stmt" count="3"/>
      <line num="45" type="method" name="value" visibility="public" complexity="1" crap="1" count="3"/>
      <line num="47" type="stmt" count="3"/>
      <line num="50" type="method" name="cst" visibility="public" complexity="1" crap="1" count="3"/>
      <line num="52" type="stmt" count="3"/>
      <metrics loc="54" ncloc="54" classes="1" methods="6" coveredmethods="6" conditionals="0" coveredconditionals="0" statements="16" coveredstatements="16" elements="22" coveredelements="22"/>
    </file>
    <file name="/Users/lucasnpinheiro/PhpstormProjects/NotasFiscaisExtract/src/Dto/PisDto.php">
      <class name="Lucasnpinheiro\NotasFiscaisExtract\Dto\PisDto" namespace="global">
        <metrics complexity="6" methods="6" coveredmethods="6" conditionals="0" coveredconditionals="0" statements="14" coveredstatements="14" elements="20" coveredelements="20"/>
      </class>
      <line num="12" type="method" name="__construct" visibility="public" complexity="1" crap="1" count="8"/>
      <line num="14" type="stmt" count="8"/>
      <line num="15" type="stmt" count="8"/>
      <line num="16" type="stmt" count="8"/>
      <line num="17" type="stmt" count="8"/>
      <line num="20" type="method" name="calculationBase" visibility="public" complexity="1" crap="1" count="3"/>
      <line num="22" type="stmt" count="3"/>
      <line num="25" type="method" name="percentage" visibility="public" complexity="1" crap="1" count="3"/>
      <line num="27" type="stmt" count="3"/>
      <line num="30" type="method" name="value" visibility="public" complexity="1" crap="1" count="3"/>
      <line num="32" type="stmt" count="3"/>
      <line num="35" type="method" name="cst" visibility="public" complexity="1" crap="1" count="3"/>
      <line num="37" type="stmt" count="3"/>
      <line num="40" type="method" name="toArray" visibility="public" complexity="1" crap="1" count="2"/>
      <line num="42" type="stmt" count="2"/>
      <line num="43" type="stmt" count="2"/>
      <line num="44" type="stmt" count="2"/>
      <line num="45" type="stmt" count="2"/>
      <line num="46" type="stmt" count="2"/>
      <line num="47" type="stmt" count="2"/>
      <metrics loc="50" ncloc="50" classes="1" methods="6" coveredmethods="6" conditionals="0" coveredconditionals="0" statements="14" coveredstatements="14" elements="20" coveredelements="20"/>
    </file>
    <file name="/Users/lucasnpinheiro/PhpstormProjects/NotasFiscaisExtract/src/Dto/ProductDto.php">
      <class name="Lucasnpinheiro\NotasFiscaisExtract\Dto\ProductDto" namespace="global">
        <metrics complexity="18" methods="18" coveredmethods="18" conditionals="0" coveredconditionals="0" statements="50" coveredstatements="50" elements="68" coveredelements="68"/>
      </class>
      <line num="24" type="method" name="__construct" visibility="public" complexity="1" crap="1" count="6"/>
      <line num="26" type="stmt" count="6"/>
      <line num="27" type="stmt" count="6"/>
      <line num="28" type="stmt" count="6"/>
      <line num="29" type="stmt" count="6"/>
      <line num="30" type="stmt" count="6"/>
      <line num="31" type="stmt" count="6"/>
      <line num="32" type="stmt" count="6"/>
      <line num="33" type="stmt" count="6"/>
      <line num="34" type="stmt" count="6"/>
      <line num="35" type="stmt" count="6"/>
      <line num="36" type="stmt" count="6"/>
      <line num="37" type="stmt" count="6"/>
      <line num="38" type="stmt" count="6"/>
      <line num="39" type="stmt" count="6"/>
      <line num="40" type="stmt" count="6"/>
      <line num="41" type="stmt" count="6"/>
      <line num="44" type="method" name="toArray" visibility="public" complexity="1" crap="1" count="2"/>
      <line num="46" type="stmt" count="2"/>
      <line num="47" type="stmt" count="2"/>
      <line num="48" type="stmt" count="2"/>
      <line num="49" type="stmt" count="2"/>
      <line num="50" type="stmt" count="2"/>
      <line num="51" type="stmt" count="2"/>
      <line num="52" type="stmt" count="2"/>
      <line num="53" type="stmt" count="2"/>
      <line num="54" type="stmt" count="2"/>
      <line num="55" type="stmt" count="2"/>
      <line num="56" type="stmt" count="2"/>
      <line num="57" type="stmt" count="2"/>
      <line num="58" type="stmt" count="2"/>
      <line num="59" type="stmt" count="2"/>
      <line num="60" type="stmt" count="2"/>
      <line num="61" type="stmt" count="2"/>
      <line num="62" type="stmt" count="2"/>
      <line num="63" type="stmt" count="2"/>
      <line num="66" type="method" name="code" visibility="public" complexity="1" crap="1" count="4"/>
      <line num="68" type="stmt" count="4"/>
      <line num="71" type="method" name="ean" visibility="public" complexity="1" crap="1" count="4"/>
      <line num="73" type="stmt" count="4"/>
      <line num="76" type="method" name="name" visibility="public" complexity="1" crap="1" count="4"/>
      <line num="78" type="stmt" count="4"/>
      <line num="81" type="method" name="ncm" visibility="public" complexity="1" crap="1" count="4"/>
      <line num="83" type="stmt" count="4"/>
      <line num="86" type="method" name="cfop" visibility="public" complexity="1" crap="1" count="4"/>
      <line num="88" type="stmt" count="4"/>
      <line num="91" type="method" name="commercialUnit" visibility="public" complexity="1" crap="1" count="4"/>
      <line num="93" type="stmt" count="4"/>
      <line num="96" type="method" name="commercialQuantity" visibility="public" complexity="1" crap="1" count="4"/>
      <line num="98" type="stmt" count="4"/>
      <line num="101" type="method" name="unitPrice" visibility="public" complexity="1" crap="1" count="4"/>
      <line num="103" type="stmt" count="4"/>
      <line num="106" type="method" name="productValue" visibility="public" complexity="1" crap="1" count="4"/>
      <line num="108" type="stmt" count="4"/>
      <line num="111" type="method" name="taxedEan" visibility="public" complexity="1" crap="1" count="4"/>
      <line num="113" type="stmt" count="4"/>
      <line num="116" type="method" name="taxedUnit" visibility="public" complexity="1" crap="1" count="4"/>
      <line num="118" type="stmt" count="4"/>
      <line num="121" type="method" name="taxedQuantity" visibility="public" complexity="1" crap="1" count="4"/>
      <line num="123" type="stmt" count="4"/>
      <line num="126" type="method" name="taxedUnitPrice" visibility="public" complexity="1" crap="1" count="4"/>
      <line num="128" type="stmt" count="4"/>
      <line num="131" type="method" name="composesTotalInvoice" visibility="public" complexity="1" crap="1" count="4"/>
      <line num="133" type="stmt" count="4"/>
      <line num="136" type="method" name="sequence" visibility="public" complexity="1" crap="1" count="4"/>
      <line num="138" type="stmt" count="4"/>
      <line num="141" type="method" name="information" visibility="public" complexity="1" crap="1" count="4"/>
      <line num="143" type="stmt" count="4"/>
      <metrics loc="147" ncloc="147" classes="1" methods="18" coveredmethods="18" conditionals="0" coveredconditionals="0" statements="50" coveredstatements="50" elements="68" coveredelements="68"/>
    </file>
    <file name="/Users/lucasnpinheiro/PhpstormProjects/NotasFiscaisExtract/src/NotaFiscal.php">
      <class name="Lucasnpinheiro\NotasFiscaisExtract\NotaFiscal" namespace="global">
        <metrics complexity="20" methods="11" coveredmethods="10" conditionals="0" coveredconditionals="0" statements="37" coveredstatements="35" elements="48" coveredelements="45"/>
      </class>
      <line num="15" type="method" name="__construct" visibility="public" complexity="1" crap="1" count="10"/>
      <line num="17" type="stmt" count="10"/>
      <line num="18" type="stmt" count="10"/>
      <line num="21" type="method" name="loadFromFile" visibility="public" complexity="2" crap="2" count="2"/>
      <line num="23" type="stmt" count="2"/>
      <line num="24" type="stmt" count="1"/>
      <line num="26" type="stmt" count="1"/>
      <line num="29" type="method" name="loadXml" visibility="public" complexity="1" crap="1" count="8"/>
      <line num="31" type="stmt" count="8"/>
      <line num="34" type="method" name="loadXmlContent" visibility="private" complexity="2" crap="2.09" count="10"/>
      <line num="36" type="stmt" count="10"/>
      <line num="37" type="stmt" count="10"/>
      <line num="38" type="stmt" count="10"/>
      <line num="41" type="stmt" count="10"/>
      <line num="42" type="stmt" count="10"/>
      <line num="43" type="stmt" count="0"/>
      <line num="44" type="stmt" count="0"/>
      <line num="48" type="method" name="cleanXmlContent" visibility="private" complexity="1" crap="1" count="10"/>
      <line num="50" type="stmt" count="10"/>
      <line num="51" type="stmt" count="10"/>
      <line num="52" type="stmt" count="10"/>
      <line num="53" type="stmt" count="10"/>
      <line num="54" type="stmt" count="10"/>
      <line num="55" type="stmt" count="10"/>
      <line num="58" type="method" name="removeTags" visibility="private" complexity="1" crap="1" count="10"/>
      <line num="60" type="stmt" count="10"/>
      <line num="61" type="stmt" count="10"/>
      <line num="64" type="method" name="convertDataKeysToUppercase" visibility="private" complexity="1" crap="1" count="10"/>
      <line num="66" type="stmt" count="10"/>
      <line num="69" type="method" name="changeKeyCaseRecursive" visibility="private" complexity="6" crap="6" count="10"/>
      <line num="71" type="stmt" count="10"/>
      <line num="72" type="stmt" count="10"/>
      <line num="73" type="stmt" count="4"/>
      <line num="74" type="stmt" count="3"/>
      <line num="79" type="stmt" count="10"/>
      <line num="80" type="stmt" count="7"/>
      <line num="83" type="stmt" count="4"/>
      <line num="86" type="method" name="xmlContent" visibility="public" complexity="1" crap="1" count="4"/>
      <line num="88" type="stmt" count="4"/>
      <line num="91" type="method" name="parsedData" visibility="public" complexity="1" crap="1" count="1"/>
      <line num="93" type="stmt" count="1"/>
      <line num="96" type="method" name="products" visibility="public" complexity="3" crap="3" count="3"/>
      <line num="98" type="stmt" count="3"/>
      <line num="99" type="stmt" count="1"/>
      <line num="102" type="stmt" count="2"/>
      <line num="103" type="stmt" count="2"/>
      <line num="104" type="stmt" count="1"/>
      <line num="106" type="stmt" count="2"/>
      <metrics loc="108" ncloc="108" classes="1" methods="11" coveredmethods="10" conditionals="0" coveredconditionals="0" statements="37" coveredstatements="35" elements="48" coveredelements="45"/>
    </file>
    <file name="/Users/lucasnpinheiro/PhpstormProjects/NotasFiscaisExtract/src/Products.php">
      <class name="Lucasnpinheiro\NotasFiscaisExtract\Products" namespace="global">
        <metrics complexity="8" methods="8" coveredmethods="8" conditionals="0" coveredconditionals="0" statements="26" coveredstatements="26" elements="34" coveredelements="34"/>
      </class>
      <line num="19" type="method" name="__construct" visibility="private" complexity="1" crap="1" count="3"/>
      <line num="21" type="stmt" count="3"/>
      <line num="22" type="stmt" count="3"/>
      <line num="23" type="stmt" count="3"/>
      <line num="24" type="stmt" count="3"/>
      <line num="25" type="stmt" count="3"/>
      <line num="26" type="stmt" count="3"/>
      <line num="27" type="stmt" count="3"/>
      <line num="28" type="stmt" count="3"/>
      <line num="29" type="stmt" count="3"/>
      <line num="31" type="stmt" count="3"/>
      <line num="32" type="stmt" count="3"/>
      <line num="33" type="stmt" count="3"/>
      <line num="34" type="stmt" count="3"/>
      <line num="37" type="method" name="extract" visibility="public" complexity="1" crap="1" count="3"/>
      <line num="39" type="stmt" count="3"/>
      <line num="42" type="method" name="toArray" visibility="public" complexity="1" crap="1" count="1"/>
      <line num="44" type="stmt" count="1"/>
      <line num="45" type="stmt" count="1"/>
      <line num="46" type="stmt" count="1"/>
      <line num="47" type="stmt" count="1"/>
      <line num="48" type="stmt" count="1"/>
      <line num="49" type="stmt" count="1"/>
      <line num="50" type="stmt" count="1"/>
      <line num="53" type="method" name="product" visibility="public" complexity="1" crap="1" count="2"/>
      <line num="55" type="stmt" count="2"/>
      <line num="58" type="method" name="icms" visibility="public" complexity="1" crap="1" count="2"/>
      <line num="60" type="stmt" count="2"/>
      <line num="63" type="method" name="ipi" visibility="public" complexity="1" crap="1" count="2"/>
      <line num="65" type="stmt" count="2"/>
      <line num="68" type="method" name="pis" visibility="public" complexity="1" crap="1" count="2"/>
      <line num="70" type="stmt" count="2"/>
      <line num="73" type="method" name="cofins" visibility="public" complexity="1" crap="1" count="2"/>
      <line num="75" type="stmt" count="2"/>
      <metrics loc="78" ncloc="78" classes="1" methods="8" coveredmethods="8" conditionals="0" coveredconditionals="0" statements="26" coveredstatements="26" elements="34" coveredelements="34"/>
    </file>
    <metrics files="8" loc="636" ncloc="603" classes="8" methods="68" coveredmethods="67" conditionals="0" coveredconditionals="0" statements="193" coveredstatements="191" elements="261" coveredelements="258"/>
  </project>
</coverage>
